2026-07-06T08:57:24  linkedin[credibility]: POSTED id=7760a6263556 via buffer (queued to channel 6a4711ee…)
2026-07-06T08:57:24  linkedin[audience]: gated. window:ok(window 8-10) | cap:blocked(cap_hit today=1 cap=1)
2026-07-06T08:57:24  x[credibility]: gated. window:blocked(outside_windows hour=8)
2026-07-06T08:57:24  x[audience]: FAILED id=c0b9dbbd28d4 backend=buffer detail=[{"message": "Variable \"$input\" got invalid value \"paste-6a4710585ab6d2f1069b334e\" at \"input.channelId\"; Invalid ChannelId format.", "path": ["createPost"], "extensions": {"code": "BAD_USER_INPUT"}}]
2026-07-06T08:57:24  bluesky[credibility]: gated. window:blocked(outside_windows hour=8)
2026-07-06T08:57:24  bluesky[audience]: no unposted items
2026-07-06T08:57:24  mastodon[credibility]: gated. window:blocked(outside_windows hour=8)
2026-07-06T08:57:24  mastodon[audience]: no unposted items
2026-07-06T12:10:30  linkedin[credibility]: gated. window:ok(window 8-18) | cap:blocked(cap_hit today=1 cap=1)
2026-07-06T12:10:30  linkedin[audience]: POSTED id=be8974043078 via buffer (queued to channel 6a4711ee…)
2026-07-06T12:10:31  x[credibility]: FAILED id=befc44b9ea08 backend=buffer detail=[{"message": "Variable \"$input\" got invalid value \"paste-6a4710585ab6d2f1069b334e\" at \"input.channelId\"; Invalid ChannelId format.", "path": ["createPost"], "extensions": {"code": "BAD_USER_INPUT"}}]
2026-07-06T12:10:31  x[audience]: FAILED id=c0b9dbbd28d4 backend=buffer detail=[{"message": "Variable \"$input\" got invalid value \"paste-6a4710585ab6d2f1069b334e\" at \"input.channelId\"; Invalid ChannelId format.", "path": ["createPost"], "extensions": {"code": "BAD_USER_INPUT"}}]
2026-07-06T12:10:33  bluesky[credibility]: POSTED id=fab7b3192f60 via own_app (posted aaron.chat/post/3mpylh4wlr72o)
2026-07-06T12:10:33  bluesky[audience]: no unposted items
2026-07-06T12:10:34  mastodon[credibility]: POSTED id=48f31c3d2e12 via own_app (posted @heyaaron → https://mastodon.social/@heyaaron/116874139039880424)
2026-07-06T12:10:34  mastodon[audience]: no unposted items
2026-07-06T15:09:40  linkedin[credibility]: gated. window:ok(window 8-18) | cap:blocked(cap_hit today=1 cap=1)
2026-07-06T15:09:40  linkedin[audience]: gated. window:blocked(outside_windows hour=15)
2026-07-06T15:09:40  x[credibility]: FAILED id=befc44b9ea08 backend=buffer detail=[{"message": "Variable \"$input\" got invalid value \"paste-6a4710585ab6d2f1069b334e\" at \"input.channelId\"; Invalid ChannelId format.", "path": ["createPost"], "extensions": {"code": "BAD_USER_INPUT"}}]
2026-07-06T15:09:40  x[audience]: gated. window:blocked(outside_windows hour=15)
2026-07-06T15:09:40  bluesky[credibility]: gated. window:ok(window 9-17) | cap:blocked(cap_hit today=1 cap=1)
2026-07-06T15:09:40  bluesky[audience]: gated. window:blocked(outside_windows hour=15)
2026-07-06T15:09:40  mastodon[credibility]: gated. window:ok(window 9-17) | cap:blocked(cap_hit today=1 cap=1)
2026-07-06T15:09:40  mastodon[audience]: gated. window:blocked(outside_windows hour=15)
2026-07-06T17:22:39  linkedin[credibility]: gated. window:ok(window 8-18) | cap:blocked(cap_hit today=1 cap=1)
2026-07-06T17:22:39  linkedin[audience]: gated. window:blocked(outside_windows hour=17)
2026-07-06T17:22:39  x[credibility]: gated. window:blocked(outside_windows hour=17)
2026-07-06T17:22:40  x[audience]: FAILED id=c0b9dbbd28d4 backend=buffer detail=[{"message": "Variable \"$input\" got invalid value \"paste-6a4710585ab6d2f1069b334e\" at \"input.channelId\"; Invalid ChannelId format.", "path": ["createPost"], "extensions": {"code": "BAD_USER_INPUT"}}]
2026-07-06T17:22:40  bluesky[credibility]: gated. window:blocked(outside_windows hour=17)
2026-07-06T17:22:40  bluesky[audience]: no unposted items
2026-07-06T17:22:40  mastodon[credibility]: gated. window:blocked(outside_windows hour=17)
2026-07-06T17:22:40  mastodon[audience]: no unposted items
2026-07-06T19:16:56  linkedin[credibility]: gated. window:blocked(outside_windows hour=19)
2026-07-06T19:16:56  linkedin[audience]: gated. window:blocked(outside_windows hour=19)
2026-07-06T19:16:56  x[credibility]: gated. window:blocked(outside_windows hour=19)
2026-07-06T19:16:56  x[audience]: gated. window:blocked(outside_windows hour=19)
2026-07-06T19:16:56  bluesky[credibility]: gated. window:blocked(outside_windows hour=19)
2026-07-06T19:16:56  bluesky[audience]: gated. window:blocked(outside_windows hour=19)
2026-07-06T19:16:56  mastodon[credibility]: gated. window:blocked(outside_windows hour=19)
2026-07-06T19:16:56  mastodon[audience]: gated. window:blocked(outside_windows hour=19)
2026-07-07T00:02:15  linkedin[credibility]: gated. window:blocked(outside_windows hour=0)
2026-07-07T00:02:15  linkedin[audience]: gated. window:blocked(outside_windows hour=0)
2026-07-07T00:02:15  x[credibility]: gated. window:blocked(outside_windows hour=0)
2026-07-07T00:02:15  x[audience]: gated. window:blocked(outside_windows hour=0)
2026-07-07T00:02:15  bluesky[credibility]: gated. window:blocked(outside_windows hour=0)
2026-07-07T00:02:15  bluesky[audience]: gated. window:blocked(outside_windows hour=0)
2026-07-07T00:02:15  mastodon[credibility]: gated. window:blocked(outside_windows hour=0)
2026-07-07T00:02:15  mastodon[audience]: gated. window:blocked(outside_windows hour=0)
2026-07-07T03:34:51  linkedin[credibility]: gated. window:blocked(outside_windows hour=3)
2026-07-07T03:34:51  linkedin[audience]: gated. window:blocked(outside_windows hour=3)
2026-07-07T03:34:51  x[credibility]: gated. window:blocked(outside_windows hour=3)
2026-07-07T03:34:51  x[audience]: gated. window:blocked(outside_windows hour=3)
2026-07-07T03:34:51  bluesky[credibility]: gated. window:blocked(outside_windows hour=3)
2026-07-07T03:34:51  bluesky[audience]: gated. window:blocked(outside_windows hour=3)
2026-07-07T03:34:52  mastodon[credibility]: gated. window:blocked(outside_windows hour=3)
2026-07-07T03:34:52  mastodon[audience]: gated. window:blocked(outside_windows hour=3)
2026-07-07T07:07:16  linkedin[credibility]: gated. window:blocked(outside_windows hour=7)
2026-07-07T07:07:16  linkedin[audience]: gated. window:blocked(outside_windows hour=7)
2026-07-07T07:07:16  x[credibility]: gated. window:blocked(outside_windows hour=7)
2026-07-07T07:07:16  x[audience]: FAILED id=c0b9dbbd28d4 backend=buffer detail=[{"message": "Variable \"$input\" got invalid value \"paste-6a4710585ab6d2f1069b334e\" at \"input.channelId\"; Invalid ChannelId format.", "path": ["createPost"], "extensions": {"code": "BAD_USER_INPUT"}}]
2026-07-07T07:07:16  bluesky[credibility]: gated. window:blocked(outside_windows hour=7)
2026-07-07T07:07:16  bluesky[audience]: no unposted items
2026-07-07T07:07:16  mastodon[credibility]: gated. window:blocked(outside_windows hour=7)
2026-07-07T07:07:16  mastodon[audience]: no unposted items
